<?xml version="1.0" encoding="UTF-8"?>
<Site BuildName="(empty)"
	BuildStamp="20240622-1336-Experimental"
	Name="robotis-op3"
	Generator="ctest-3.22.2"
	CompilerName="/usr/bin/c++"
	CompilerVersion="5.4.0"
	OSName="Linux"
	Hostname="robotis-op3"
	OSRelease="4.10.0-42-generic"
	OSVersion="#46~16.04.1-Ubuntu SMP Mon Dec 4 15:57:59 UTC 2017"
	OSPlatform="x86_64"
	Is64Bits="1"
	VendorString="GenuineIntel"
	VendorID="Intel Corporation"
	FamilyID="6"
	ModelID="142"
	ProcessorCacheSize="3072"
	NumberOfLogicalCPU="4"
	NumberOfPhysicalCPU="2"
	TotalVirtualMemory="8080"
	TotalPhysicalMemory="7867"
	LogicalProcessorsPerPhysical="2"
	ProcessorClockFrequency="2400"
	>
	<Testing>
		<StartDateTime>Jun 22 23:08 CST</StartDateTime>
		<StartTestTime>1719068918</StartTestTime>
		<TestList/>
		<EndDateTime>Jun 22 23:08 CST</EndDateTime>
		<EndTestTime>1719068918</EndTestTime>
		<ElapsedMinutes>0</ElapsedMinutes>
	</Testing>
</Site>
